2025-10-14 16:43:46, MOVE, v:1, k:poo@relogio, mode:DOWN
2025-10-14 16:44:30, MOVE, v:1, k:poo@relogio, mode:PICK
2025-10-14 16:44:34, EXEC, v:1, k:poo@relogio, mode:FULL, rate:38, size:85
2025-10-14 16:44:53, EXEC, v:1, k:poo@relogio, mode:FREE
2025-10-14 16:46:28, MOVE, v:1, k:poo@roupa, mode:DOWN
2025-10-14 16:46:49, MOVE, v:1, k:poo@roupa, mode:PICK
2025-10-14 16:46:51, EXEC, v:1, k:poo@roupa, mode:FULL, rate:0, size:35
2025-10-14 16:46:56, EXEC, v:1, k:poo@roupa, mode:FREE
2025-10-14 16:48:17, MOVE, v:1, k:poo@roupa, mode:PICK
2025-10-14 16:48:18, EXEC, v:1, k:poo@roupa, mode:FULL, rate:0
2025-10-14 16:50:54, MOVE, v:1, k:poo@roupa, mode:BACK
2025-10-14 16:50:58, MOVE, v:1, k:poo@relogio, mode:PICK
2025-10-14 16:51:02, EXEC, v:1, k:poo@relogio, mode:FULL, rate:38
2025-10-14 16:51:08, EXEC, v:1, k:poo@relogio, mode:FULL, rate:38
2025-10-14 21:06:02, MOVE, v:1, k:poo@roupa, mode:PICK
2025-10-14 21:06:03, EXEC, v:1, k:poo@roupa, mode:FULL, rate:0, size:35
2025-10-14 21:06:41, EXEC, v:1, k:poo@roupa, mode:FULL, rate:0
2025-10-14 21:07:00, MOVE, v:1, k:poo@roupa, mode:PICK
2025-10-14 21:07:05, EXEC, v:1, k:poo@roupa, mode:FULL, rate:0, size:35
2025-10-14 21:07:08, EXEC, v:1, k:poo@roupa, mode:FULL, rate:0
2025-10-14 21:07:50, MOVE, v:1, k:poo@roupa, mode:BACK
2025-10-14 21:07:52, MOVE, v:1, k:poo@relogio, mode:PICK
2025-10-14 21:07:58, EXEC, v:1, k:poo@relogio, mode:FULL, rate:100, size:85
2025-10-14 21:08:12, MOVE, v:1, k:poo@relogio, mode:BACK
2025-10-14 21:08:22, MOVE, v:1, k:poo@chinela, mode:PICK
2025-10-14 21:08:23, EXEC, v:1, k:poo@chinela, mode:LOCK, rate:0, size:31
2025-10-14 21:08:24, MOVE, v:1, k:poo@chinela, mode:BACK
2025-10-14 21:08:27, MOVE, v:1, k:poo@camisa, mode:PICK
2025-10-14 21:08:28, EXEC, v:1, k:poo@camisa, mode:LOCK, rate:0, size:30
2025-10-14 21:08:33, EXEC, v:1, k:poo@camisa, mode:LOCK, rate:0
2025-10-14 21:08:40, MOVE, v:1, k:poo@camisa, mode:BACK
2025-10-14 21:09:26, SELF, v:1, k:poo@chinela, rate:80, human:fiz_junto_com_meu_amigo, alone:8
