2025-10-25 09:39:05, MOVE, v:1, k:poo@grafite, mode:PICK
2025-10-25 09:39:09, EXEC, v:1, k:poo@grafite, mode:FULL, rate:0, size:33
2025-10-25 09:39:10, MOVE, v:1, k:poo@grafite, mode:BACK
2025-10-25 09:41:01, MOVE, v:1, k:poo@grafite, mode:PICK
2025-10-25 09:41:05, EXEC, v:1, k:poo@grafite, mode:FULL, rate:0
2025-10-25 10:09:45, MOVE, v:1, k:poo@grafite, mode:BACK
2025-10-25 10:09:50, MOVE, v:1, k:poo@grafite, mode:PICK
2025-10-25 10:09:51, EXEC, v:1, k:poo@grafite, mode:FULL, rate:0, size:52
2025-10-25 10:09:54, MOVE, v:1, k:poo@grafite, mode:BACK
2025-10-25 10:19:09, MOVE, v:1, k:poo@grafite, mode:PICK
2025-10-25 10:19:10, EXEC, v:1, k:poo@grafite, mode:FULL, rate:0, size:75
2025-10-25 10:19:14, MOVE, v:1, k:poo@grafite, mode:BACK
2025-10-25 10:23:16, MOVE, v:1, k:poo@grafite, mode:PICK
2025-10-25 10:23:17, EXEC, v:1, k:poo@grafite, mode:FULL, rate:0, size:85
2025-10-25 10:23:31, EXEC, v:1, k:poo@grafite, mode:FULL, rate:0, size:85
2025-10-25 10:23:44, EXEC, v:1, k:poo@grafite, mode:FULL, rate:0, size:88
2025-10-25 10:24:56, EXEC, v:1, k:poo@grafite, mode:FULL, rate:0, size:92
2025-10-25 10:24:58, EXEC, v:1, k:poo@grafite, mode:FULL, rate:0
2025-10-25 10:24:59, MOVE, v:1, k:poo@grafite, mode:BACK
2025-10-25 10:25:01, MOVE, v:1, k:poo@grafite, mode:PICK
2025-10-25 10:25:02, EXEC, v:1, k:poo@grafite, mode:FULL, rate:0
2025-10-25 10:26:49, MOVE, v:1, k:poo@grafite, mode:PICK
2025-10-25 10:26:50, EXEC, v:1, k:poo@grafite, mode:FULL, rate:0, size:95
2025-10-25 10:31:12, MOVE, v:1, k:poo@grafite, mode:PICK
2025-10-25 10:31:13, EXEC, v:1, k:poo@grafite, mode:FULL, rate:0, size:100
2025-10-25 10:31:17, EXEC, v:1, k:poo@grafite, mode:FULL, rate:0
2025-10-25 10:35:45, EXEC, v:1, k:poo@grafite, mode:FULL, rate:0, size:101
2025-10-25 10:40:46, MOVE, v:1, k:poo@grafite, mode:PICK
2025-10-25 10:40:50, EXEC, v:1, k:poo@grafite, mode:FULL, rate:10, size:100
2025-10-25 10:41:15, EXEC, v:1, k:poo@grafite, mode:FULL, rate:10, size:100
2025-10-25 10:42:37, EXEC, v:1, k:poo@grafite, mode:FULL, rate:10
2025-10-25 10:43:02, EXEC, v:1, k:poo@grafite, mode:FULL, rate:10, size:100
2025-10-25 10:43:15, EXEC, v:1, k:poo@grafite, mode:FULL, rate:10, size:100
2025-10-25 10:43:39, EXEC, v:1, k:poo@grafite, mode:FULL, rate:10, size:100
2025-10-25 10:45:36, EXEC, v:1, k:poo@grafite, mode:FULL, rate:10, size:100
2025-10-25 10:47:33, EXEC, v:1, k:poo@grafite, mode:FULL, rate:20, size:100
2025-10-25 10:49:49, EXEC, v:1, k:poo@grafite, mode:FULL, rate:0, size:100
2025-10-25 10:50:34, MOVE, v:1, k:poo@grafite, mode:PICK
2025-10-25 10:50:35, EXEC, v:1, k:poo@grafite, mode:FULL, rate:0
2025-10-25 10:51:07, EXEC, v:1, k:poo@grafite, mode:FULL, rate:10, size:100
2025-10-25 10:51:24, EXEC, v:1, k:poo@grafite, mode:FULL, rate:20, size:100
2025-10-25 10:52:00, EXEC, v:1, k:poo@grafite, mode:FULL, rate:0, size:100
2025-10-25 10:52:05, EXEC, v:1, k:poo@grafite, mode:FULL, rate:0
2025-10-25 10:52:14, EXEC, v:1, k:poo@grafite, mode:FULL, rate:10, size:100
2025-10-25 10:52:47, EXEC, v:1, k:poo@grafite, mode:FULL, rate:20, size:100
2025-10-25 10:55:26, EXEC, v:1, k:poo@grafite, mode:FULL, rate:10, size:100
2025-10-25 10:55:44, EXEC, v:1, k:poo@grafite, mode:FULL, rate:20, size:100
2025-10-25 10:56:49, EXEC, v:1, k:poo@grafite, mode:FULL, rate:20, size:100
2025-10-25 11:00:19, EXEC, v:1, k:poo@grafite, mode:FULL, rate:10, size:99
2025-10-25 11:00:53, MOVE, v:1, k:poo@grafite, mode:PICK
2025-10-25 11:00:55, EXEC, v:1, k:poo@grafite, mode:FULL, rate:10
2025-10-25 11:01:00, EXEC, v:1, k:poo@grafite, mode:FULL, rate:10
2025-10-25 11:08:05, MOVE, v:1, k:poo@grafite, mode:PICK
2025-10-25 11:08:08, EXEC, v:1, k:poo@grafite, mode:FULL, rate:20, size:98
2025-10-25 11:08:37, EXEC, v:1, k:poo@grafite, mode:FULL, rate:70, size:98
2025-10-25 11:09:13, EXEC, v:1, k:poo@grafite, mode:FULL, rate:70, size:98
2025-10-25 11:10:08, EXEC, v:1, k:poo@grafite, mode:FULL, rate:0, size:98
2025-10-25 11:10:24, EXEC, v:1, k:poo@grafite, mode:FULL, rate:70, size:98
2025-10-25 11:11:37, MOVE, v:1, k:poo@grafite, mode:PICK
2025-10-25 11:11:40, EXEC, v:1, k:poo@grafite, mode:FULL, rate:70, size:98
2025-10-25 11:13:44, EXEC, v:1, k:poo@grafite, mode:FULL, rate:100, size:98
2025-10-25 11:13:52, MOVE, v:1, k:poo@grafite, mode:BACK
2025-10-25 11:14:46, SELF, v:1, k:poo@grafite, rate:100, iagen:sim_precisei_muito_estava_com_muito_erro_e_nao_consegui_resolver_so, alone:6, study:90
2025-10-25 11:15:18, SELF, v:1, k:poo@motoca, human:sim, guide:aula, alone:7, study:60
